<?xml version="1.0" encoding="UTF-8"?>
<!-- Generated by org.testng.reporters.JUnitReportReporter -->
<testsuite hostname="PUNITP339914D" name="TestNG.TestNGDemo" tests="2" failures="0" timestamp="8 Jun 2016 09:14:31 GMT" time="0.015" errors="0">
  <testcase name="sample2" time="0.000" classname="TestNG.TestNGDemo"/>
  <testcase name="sample1" time="0.015" classname="TestNG.TestNGDemo"/>
</testsuite> <!-- TestNG.TestNGDemo -->
